Using pre-set license
Built from '2020.3/release' branch; Version is '2020.3.2f1 (8fd9074bf66c) revision 9427207'; Using compiler version '192528614'; Build Type 'Release'
OS: 'Windows 10 Pro; OS build 19042.867; Version 2009; 64bit' Language: 'en' Physical Memory: 16302 MB
BatchMode: 1, IsHumanControllingUs: 0, StartBugReporterOnCrash: 0, Is64bit: 1, IsPro: 0

 COMMAND LINE ARGUMENTS:
C:\Program Files\Unity\Hub\Editor\2020.3.2f1\Editor\Unity.exe
-adb2
-batchMode
-noUpm
-name
AssetImportWorker0
-projectPath
U:/Repos/PyramidsofForestland
-logFile
Logs/AssetImportWorker0.log
-srvPort
54874
Successfully changed project path to: U:/Repos/PyramidsofForestland
U:/Repos/PyramidsofForestland
Using Asset Import Pipeline V2.
Refreshing native plugins compatible for Editor in 29.25 ms, found 1 plugins.
Preloading 0 native plugins for Editor in 0.00 ms.
Initialize engine version: 2020.3.2f1 (8fd9074bf66c)
[Subsystems] Discovering subsystems at path C:/Program Files/Unity/Hub/Editor/2020.3.2f1/Editor/Data/Resources/UnitySubsystems
[Subsystems] Discovering subsystems at path U:/Repos/PyramidsofForestland/Assets
GfxDevice: creating device client; threaded=0
Direct3D:
    Version:  Direct3D 11.0 [level 11.1]
    Renderer: NVIDIA GeForce GTX 1070 Ti (ID=0x1b82)
    Vendor:   
    VRAM:     8079 MB
    Driver:   27.21.14.6140
Initialize mono
Mono path[0] = 'C:/Program Files/Unity/Hub/Editor/2020.3.2f1/Editor/Data/Managed'
Mono path[1] = 'C:/Program Files/Unity/Hub/Editor/2020.3.2f1/Editor/Data/MonoBleedingEdge/lib/mono/unityjit'
Mono config path = 'C:/Program Files/Unity/Hub/Editor/2020.3.2f1/Editor/Data/MonoBleedingEdge/etc'
Using monoOptions --debugger-agent=transport=dt_socket,embedding=1,server=y,suspend=n,address=127.0.0.1:56012
Begin MonoManager ReloadAssembly
Registering precompiled unity dll's ...
Register platform support module: C:/Program Files/Unity/Hub/Editor/2020.3.2f1/Editor/Data/PlaybackEngines/WebGLSupport/UnityEditor.WebGL.Extensions.dll
Register platform support module: C:/Program Files/Unity/Hub/Editor/2020.3.2f1/Editor/Data/PlaybackEngines/WindowsStandaloneSupport/UnityEditor.WindowsStandalone.Extensions.dll
Registered in 0.002024 seconds.
Native extension for WindowsStandalone target not found
Native extension for WebGL target not found
Refreshing native plugins compatible for Editor in 30.69 ms, found 1 plugins.
Preloading 0 native plugins for Editor in 0.00 ms.
Invoked RoslynAnalysisRunner static constructor.
RoslynAnalysisRunner will not be running.
RoslynAnalysisRunner has terminated.
Mono: successfully reloaded assembly
- Completed reload, in  1.724 seconds
Platform modules already initialized, skipping
Registering precompiled user dll's ...
Registered in 0.000472 seconds.
Begin MonoManager ReloadAssembly
Native extension for WindowsStandalone target not found
Native extension for WebGL target not found
Refreshing native plugins compatible for Editor in 29.68 ms, found 1 plugins.
Preloading 0 native plugins for Editor in 0.00 ms.
Invoked RoslynAnalysisRunner static constructor.
RoslynAnalysisRunner will not be running.
RoslynAnalysisRunner has terminated.
Mono: successfully reloaded assembly
- Completed reload, in  0.743 seconds
Platform modules already initialized, skipping
========================================================================
Worker process is ready to serve import requests
Launched and connected shader compiler UnityShaderCompiler.exe after 0.03 seconds
Refreshing native plugins compatible for Editor in 0.36 ms, found 1 plugins.
Preloading 0 native plugins for Editor in 0.00 ms.
Unloading 1812 Unused Serialized files (Serialized files now loaded: 0)
System memory in use before: 85.0 MB.
System memory in use after: 84.9 MB.

Unloading 24 unused Assets to reduce memory usage. Loaded Objects now: 2254.
Total: 1.846500 ms (FindLiveObjects: 0.191700 ms CreateObjectMapping: 0.042100 ms MarkObjects: 1.502500 ms  DeleteObjects: 0.109300 ms)

========================================================================
Received Import Request.
  path: Assets/Prefabs/Ase 1.prefab
  artifactKey: Guid(e290d7d086165844a85dd21bc6864161) Importer(815301076,1909f56bfc062723c751e8b465ee728b)
Start importing Assets/Prefabs/Ase 1.prefab using Guid(e290d7d086165844a85dd21bc6864161) Importer(815301076,1909f56bfc062723c751e8b465ee728b)  -> (artifact id: '5ffc92a37a33ea8ffa18073811d30d75') in 0.085173 seconds
  Import took 0.088656 seconds .

========================================================================
Received Prepare
Refreshing native plugins compatible for Editor in 1.11 ms, found 1 plugins.
Preloading 0 native plugins for Editor in 0.00 ms.
Unloading 10 Unused Serialized files (Serialized files now loaded: 0)
System memory in use before: 52.5 MB.
System memory in use after: 52.5 MB.

Unloading 10 unused Assets to reduce memory usage. Loaded Objects now: 2261.
Total: 2.045300 ms (FindLiveObjects: 0.220900 ms CreateObjectMapping: 0.038800 ms MarkObjects: 1.691400 ms  DeleteObjects: 0.093300 ms)

========================================================================
Received Prepare
Registering precompiled user dll's ...
Registered in 0.000626 seconds.
Begin MonoManager ReloadAssembly
Native extension for WindowsStandalone target not found
Native extension for WebGL target not found
Refreshing native plugins compatible for Editor in 0.37 ms, found 1 plugins.
Preloading 0 native plugins for Editor in 0.00 ms.
Invoked RoslynAnalysisRunner static constructor.
RoslynAnalysisRunner will not be running.
RoslynAnalysisRunner has terminated.
Mono: successfully reloaded assembly
- Completed reload, in  0.659 seconds
Platform modules already initialized, skipping
Refreshing native plugins compatible for Editor in 0.38 ms, found 1 plugins.
Preloading 0 native plugins for Editor in 0.00 ms.
Unloading 1807 Unused Serialized files (Serialized files now loaded: 0)
System memory in use before: 88.0 MB.
System memory in use after: 88.0 MB.

Unloading 12 unused Assets to reduce memory usage. Loaded Objects now: 2265.
Total: 1.991200 ms (FindLiveObjects: 0.229500 ms CreateObjectMapping: 0.040000 ms MarkObjects: 1.614600 ms  DeleteObjects: 0.105700 ms)

========================================================================
Received Prepare
Registering precompiled user dll's ...
Registered in 0.000627 seconds.
Begin MonoManager ReloadAssembly
Native extension for WindowsStandalone target not found
Native extension for WebGL target not found
Refreshing native plugins compatible for Editor in 0.37 ms, found 1 plugins.
Preloading 0 native plugins for Editor in 0.00 ms.
Invoked RoslynAnalysisRunner static constructor.
RoslynAnalysisRunner will not be running.
RoslynAnalysisRunner has terminated.
Mono: successfully reloaded assembly
- Completed reload, in  0.667 seconds
Platform modules already initialized, skipping
Refreshing native plugins compatible for Editor in 0.39 ms, found 1 plugins.
Preloading 0 native plugins for Editor in 0.00 ms.
Unloading 1807 Unused Serialized files (Serialized files now loaded: 0)
System memory in use before: 88.1 MB.
System memory in use after: 88.0 MB.

Unloading 12 unused Assets to reduce memory usage. Loaded Objects now: 2269.
Total: 1.724100 ms (FindLiveObjects: 0.187600 ms CreateObjectMapping: 0.039900 ms MarkObjects: 1.396800 ms  DeleteObjects: 0.098900 ms)

========================================================================
Received Import Request.
  Time since last request: 202.748381 seconds.
  path: Assets/Prefabs/kulmapala Variant.prefab
  artifactKey: Guid(e011ab57d8579f44fa126492d62257cf) Importer(815301076,1909f56bfc062723c751e8b465ee728b)
Start importing Assets/Prefabs/kulmapala Variant.prefab using Guid(e011ab57d8579f44fa126492d62257cf) Importer(815301076,1909f56bfc062723c751e8b465ee728b)  -> (artifact id: 'c97e117038e848ffef20cbbd3453489a') in 0.047823 seconds
  Import took 0.051020 seconds .

========================================================================
Received Import Request.
  Time since last request: 8.918474 seconds.
  path: Assets/Prefabs/kulmapala 2.prefab
  artifactKey: Guid(6fd1a0dafa5a3c144bee004eaf5acc45) Importer(815301076,1909f56bfc062723c751e8b465ee728b)
Start importing Assets/Prefabs/kulmapala 2.prefab using Guid(6fd1a0dafa5a3c144bee004eaf5acc45) Importer(815301076,1909f56bfc062723c751e8b465ee728b)  -> (artifact id: '196b5ba25097ece9710889806a8a7a61') in 0.014801 seconds
  Import took 0.018066 seconds .

========================================================================
Received Import Request.
  Time since last request: 6.884853 seconds.
  path: Assets/Prefabs/kulmapala 2.prefab
  artifactKey: Guid(6fd1a0dafa5a3c144bee004eaf5acc45) Importer(815301076,1909f56bfc062723c751e8b465ee728b)
Start importing Assets/Prefabs/kulmapala 2.prefab using Guid(6fd1a0dafa5a3c144bee004eaf5acc45) Importer(815301076,1909f56bfc062723c751e8b465ee728b)  -> (artifact id: '77012cbc7516689cd79103f82ca4ea3a') in 0.002813 seconds
  Import took 0.005771 seconds .

========================================================================
Received Import Request.
  Time since last request: 0.006951 seconds.
  path: Assets/Prefabs/kulmapala 2.prefab
  artifactKey: Guid(6fd1a0dafa5a3c144bee004eaf5acc45) Importer(815301076,1909f56bfc062723c751e8b465ee728b)
Start importing Assets/Prefabs/kulmapala 2.prefab using Guid(6fd1a0dafa5a3c144bee004eaf5acc45) Importer(815301076,1909f56bfc062723c751e8b465ee728b)  -> (artifact id: '77012cbc7516689cd79103f82ca4ea3a') in 0.002597 seconds
  Import took 0.005728 seconds .

========================================================================
Received Prepare
Registering precompiled user dll's ...
Registered in 0.000748 seconds.
Begin MonoManager ReloadAssembly
Native extension for WindowsStandalone target not found
Native extension for WebGL target not found
Refreshing native plugins compatible for Editor in 0.46 ms, found 1 plugins.
Preloading 0 native plugins for Editor in 0.00 ms.
Invoked RoslynAnalysisRunner static constructor.
RoslynAnalysisRunner will not be running.
RoslynAnalysisRunner has terminated.
Mono: successfully reloaded assembly
- Completed reload, in  0.723 seconds
Platform modules already initialized, skipping
Refreshing native plugins compatible for Editor in 0.42 ms, found 1 plugins.
Preloading 0 native plugins for Editor in 0.00 ms.
Unloading 1807 Unused Serialized files (Serialized files now loaded: 0)
System memory in use before: 88.1 MB.
System memory in use after: 88.1 MB.

Unloading 12 unused Assets to reduce memory usage. Loaded Objects now: 2274.
Total: 1.885400 ms (FindLiveObjects: 0.220100 ms CreateObjectMapping: 0.040500 ms MarkObjects: 1.506500 ms  DeleteObjects: 0.117200 ms)

AssetImportWorkerClient::OnTransportError - code=2 error=End of file
